
19.11.24 21:01:02 [] ./predis_watcher     : predis_logger2.php process not live.
19.11.24 21:01:02 [] ./predis_watcher     :  exec = predis_logger2.sh
19.11.24 21:01:02 [] ./predis_watcher     : predis_loggerCG.php process not live.
19.11.24 21:01:02 [] ./predis_watcher     :  exec = predis_loggerCG.sh
19.11.24 21:02:02 [] ./predis_watcher     : predis_logger2.php process not live.
19.11.24 21:02:02 [] ./predis_watcher     :  exec = predis_logger2.sh
19.11.24 21:02:02 [] ./predis_watcher     : predis_loggerCG.php process not live.
19.11.24 21:02:02 [] ./predis_watcher     :  exec = predis_loggerCG.sh
19.11.24 21:03:02 [] ./predis_watcher     : predis_logger2.php process not live.
19.11.24 21:03:02 [] ./predis_watcher     :  exec = predis_logger2.sh
19.11.24 21:03:02 [] ./predis_watcher     : predis_loggerCG.php process not live.
19.11.24 21:03:02 [] ./predis_watcher     :  exec = predis_loggerCG.sh
19.11.24 21:04:02 [] ./predis_watcher     : predis_logger2.php process not live.
19.11.24 21:04:02 [] ./predis_watcher     :  exec = predis_logger2.sh
19.11.24 21:04:02 [] ./predis_watcher     : predis_loggerCG.php process not live.
19.11.24 21:04:02 [] ./predis_watcher     :  exec = predis_loggerCG.sh
19.11.24 21:05:02 [] ./predis_watcher     : predis_logger2.php process not live.
19.11.24 21:05:02 [] ./predis_watcher     :  exec = predis_logger2.sh
19.11.24 21:05:02 [] ./predis_watcher     : predis_loggerCG.php process not live.
19.11.24 21:05:02 [] ./predis_watcher     :  exec = predis_loggerCG.sh
19.11.24 21:06:02 [] ./predis_watcher     : predis_logger2.php process not live.
19.11.24 21:06:02 [] ./predis_watcher     :  exec = predis_logger2.sh
19.11.24 21:06:02 [] ./predis_watcher     : predis_loggerCG.php process not live.
19.11.24 21:06:02 [] ./predis_watcher     :  exec = predis_loggerCG.sh
19.11.24 21:07:02 [] ./predis_watcher     : predis_logger2.php process not live.
19.11.24 21:07:02 [] ./predis_watcher     :  exec = predis_logger2.sh
19.11.24 21:07:02 [] ./predis_watcher     : predis_loggerCG.php process not live.
19.11.24 21:07:02 [] ./predis_watcher     :  exec = predis_loggerCG.sh
19.11.24 21:08:02 [] ./predis_watcher     : predis_logger2.php process not live.
19.11.24 21:08:02 [] ./predis_watcher     :  exec = predis_logger2.sh
19.11.24 21:08:02 [] ./predis_watcher     : predis_loggerCG.php process not live.
19.11.24 21:08:02 [] ./predis_watcher     :  exec = predis_loggerCG.sh
19.11.24 21:09:02 [] ./predis_watcher     : predis_logger2.php process not live.
19.11.24 21:09:02 [] ./predis_watcher     :  exec = predis_logger2.sh
19.11.24 21:09:02 [] ./predis_watcher     : predis_loggerCG.php process not live.
19.11.24 21:09:02 [] ./predis_watcher     :  exec = predis_loggerCG.sh
19.11.24 21:10:01 [] ./predis_watcher     : predis_logger2.php process not live.
19.11.24 21:10:01 [] ./predis_watcher     :  exec = predis_logger2.sh
19.11.24 21:10:02 [] ./predis_watcher     : predis_loggerCG.php process not live.
19.11.24 21:10:02 [] ./predis_watcher     :  exec = predis_loggerCG.sh
19.11.24 21:11:02 [] ./predis_watcher     : predis_logger2.php process not live.
19.11.24 21:11:02 [] ./predis_watcher     :  exec = predis_logger2.sh
19.11.24 21:11:02 [] ./predis_watcher     : predis_loggerCG.php process not live.
19.11.24 21:11:02 [] ./predis_watcher     :  exec = predis_loggerCG.sh
19.11.24 21:12:02 [] ./predis_watcher     : predis_logger2.php process not live.
19.11.24 21:12:02 [] ./predis_watcher     :  exec = predis_logger2.sh
19.11.24 21:12:02 [] ./predis_watcher     : predis_loggerCG.php process not live.
19.11.24 21:12:02 [] ./predis_watcher     :  exec = predis_loggerCG.sh
19.11.24 21:13:02 [] ./predis_watcher     : predis_logger2.php process not live.
19.11.24 21:13:02 [] ./predis_watcher     :  exec = predis_logger2.sh
19.11.24 21:13:02 [] ./predis_watcher     : predis_loggerCG.php process not live.
19.11.24 21:13:02 [] ./predis_watcher     :  exec = predis_loggerCG.sh
19.11.24 21:14:01 [] ./predis_watcher     : predis_logger2.php process not live.
19.11.24 21:14:01 [] ./predis_watcher     :  exec = predis_logger2.sh
19.11.24 21:14:02 [] ./predis_watcher     : predis_loggerCG.php process not live.
19.11.24 21:14:02 [] ./predis_watcher     :  exec = predis_loggerCG.sh
19.11.24 21:15:02 [] ./predis_watcher     : predis_logger2.php process not live.
19.11.24 21:15:02 [] ./predis_watcher     :  exec = predis_logger2.sh
19.11.24 21:15:02 [] ./predis_watcher     : predis_loggerCG.php process not live.
19.11.24 21:15:02 [] ./predis_watcher     :  exec = predis_loggerCG.sh
19.11.24 21:16:02 [] ./predis_watcher     : predis_logger2.php process not live.
19.11.24 21:16:02 [] ./predis_watcher     :  exec = predis_logger2.sh
19.11.24 21:16:02 [] ./predis_watcher     : predis_loggerCG.php process not live.
19.11.24 21:16:02 [] ./predis_watcher     :  exec = predis_loggerCG.sh
19.11.24 21:17:02 [] ./predis_watcher     : predis_logger2.php process not live.
19.11.24 21:17:02 [] ./predis_watcher     :  exec = predis_logger2.sh
19.11.24 21:17:02 [] ./predis_watcher     : predis_loggerCG.php process not live.
19.11.24 21:17:02 [] ./predis_watcher     :  exec = predis_loggerCG.sh
19.11.24 21:18:02 [] ./predis_watcher     : predis_logger2.php process not live.
19.11.24 21:18:02 [] ./predis_watcher     :  exec = predis_logger2.sh
19.11.24 21:18:02 [] ./predis_watcher     : predis_loggerCG.php process not live.
19.11.24 21:18:02 [] ./predis_watcher     :  exec = predis_loggerCG.sh
19.11.24 21:19:02 [] ./predis_watcher     : predis_logger2.php process not live.
19.11.24 21:19:02 [] ./predis_watcher     :  exec = predis_logger2.sh
19.11.24 21:19:02 [] ./predis_watcher     : predis_loggerCG.php process not live.
19.11.24 21:19:02 [] ./predis_watcher     :  exec = predis_loggerCG.sh
19.11.24 21:20:02 [] ./predis_watcher     : predis_logger2.php process not live.
19.11.24 21:20:02 [] ./predis_watcher     :  exec = predis_logger2.sh
19.11.24 21:20:02 [] ./predis_watcher     : predis_loggerCG.php process not live.
19.11.24 21:20:02 [] ./predis_watcher     :  exec = predis_loggerCG.sh
19.11.24 21:21:02 [] ./predis_watcher     : predis_logger2.php process not live.
19.11.24 21:21:02 [] ./predis_watcher     :  exec = predis_logger2.sh
19.11.24 21:21:02 [] ./predis_watcher     : predis_loggerCG.php process not live.
19.11.24 21:21:02 [] ./predis_watcher     :  exec = predis_loggerCG.sh
19.11.24 21:22:01 [] ./predis_watcher     : predis_logger2.php process not live.
19.11.24 21:22:01 [] ./predis_watcher     :  exec = predis_logger2.sh
19.11.24 21:22:02 [] ./predis_watcher     : predis_loggerCG.php process not live.
19.11.24 21:22:02 [] ./predis_watcher     :  exec = predis_loggerCG.sh
19.11.24 21:23:02 [] ./predis_watcher     : predis_logger2.php process not live.
19.11.24 21:23:02 [] ./predis_watcher     :  exec = predis_logger2.sh
19.11.24 21:23:02 [] ./predis_watcher     : predis_loggerCG.php process not live.
19.11.24 21:23:02 [] ./predis_watcher     :  exec = predis_loggerCG.sh
19.11.24 21:24:02 [] ./predis_watcher     : predis_logger2.php process not live.
19.11.24 21:24:02 [] ./predis_watcher     :  exec = predis_logger2.sh
19.11.24 21:24:02 [] ./predis_watcher     : predis_loggerCG.php process not live.
19.11.24 21:24:02 [] ./predis_watcher     :  exec = predis_loggerCG.sh
19.11.24 21:25:02 [] ./predis_watcher     : predis_logger2.php process not live.
19.11.24 21:25:02 [] ./predis_watcher     :  exec = predis_logger2.sh
19.11.24 21:25:02 [] ./predis_watcher     : predis_loggerCG.php process not live.
19.11.24 21:25:02 [] ./predis_watcher     :  exec = predis_loggerCG.sh
19.11.24 21:26:02 [] ./predis_watcher     : predis_logger2.php process not live.
19.11.24 21:26:02 [] ./predis_watcher     :  exec = predis_logger2.sh
19.11.24 21:26:02 [] ./predis_watcher     : predis_loggerCG.php process not live.
19.11.24 21:26:02 [] ./predis_watcher     :  exec = predis_loggerCG.sh
19.11.24 21:27:01 [] ./predis_watcher     : predis_logger2.php process not live.
19.11.24 21:27:01 [] ./predis_watcher     :  exec = predis_logger2.sh
19.11.24 21:27:02 [] ./predis_watcher     : predis_loggerCG.php process not live.
19.11.24 21:27:02 [] ./predis_watcher     :  exec = predis_loggerCG.sh
19.11.24 21:28:02 [] ./predis_watcher     : predis_logger2.php process not live.
19.11.24 21:28:02 [] ./predis_watcher     :  exec = predis_logger2.sh
19.11.24 21:28:02 [] ./predis_watcher     : predis_loggerCG.php process not live.
19.11.24 21:28:02 [] ./predis_watcher     :  exec = predis_loggerCG.sh
19.11.24 21:29:02 [] ./predis_watcher     : predis_logger2.php process not live.
19.11.24 21:29:02 [] ./predis_watcher     :  exec = predis_logger2.sh
19.11.24 21:29:02 [] ./predis_watcher     : predis_loggerCG.php process not live.
19.11.24 21:29:02 [] ./predis_watcher     :  exec = predis_loggerCG.sh
19.11.24 21:30:02 [] ./predis_watcher     : predis_logger2.php process not live.
19.11.24 21:30:02 [] ./predis_watcher     :  exec = predis_logger2.sh
19.11.24 21:30:02 [] ./predis_watcher     : predis_loggerCG.php process not live.
19.11.24 21:30:02 [] ./predis_watcher     :  exec = predis_loggerCG.sh
19.11.24 21:31:02 [] ./predis_watcher     : predis_logger2.php process not live.
19.11.24 21:31:02 [] ./predis_watcher     :  exec = predis_logger2.sh
19.11.24 21:31:02 [] ./predis_watcher     : predis_loggerCG.php process not live.
19.11.24 21:31:02 [] ./predis_watcher     :  exec = predis_loggerCG.sh
19.11.24 21:32:02 [] ./predis_watcher     : predis_logger2.php process not live.
19.11.24 21:32:02 [] ./predis_watcher     :  exec = predis_logger2.sh
19.11.24 21:32:02 [] ./predis_watcher     : predis_loggerCG.php process not live.
19.11.24 21:32:02 [] ./predis_watcher     :  exec = predis_loggerCG.sh
19.11.24 21:33:02 [] ./predis_watcher     : predis_logger2.php process not live.
19.11.24 21:33:02 [] ./predis_watcher     :  exec = predis_logger2.sh
19.11.24 21:33:02 [] ./predis_watcher     : predis_loggerCG.php process not live.
19.11.24 21:33:02 [] ./predis_watcher     :  exec = predis_loggerCG.sh
19.11.24 21:34:02 [] ./predis_watcher     : predis_logger2.php process not live.
19.11.24 21:34:02 [] ./predis_watcher     :  exec = predis_logger2.sh
19.11.24 21:34:02 [] ./predis_watcher     : predis_loggerCG.php process not live.
19.11.24 21:34:02 [] ./predis_watcher     :  exec = predis_loggerCG.sh
19.11.24 21:35:02 [] ./predis_watcher     : predis_logger2.php process not live.
19.11.24 21:35:02 [] ./predis_watcher     :  exec = predis_logger2.sh
19.11.24 21:35:02 [] ./predis_watcher     : predis_loggerCG.php process not live.
19.11.24 21:35:02 [] ./predis_watcher     :  exec = predis_loggerCG.sh
19.11.24 21:36:02 [] ./predis_watcher     : predis_logger2.php process not live.
19.11.24 21:36:02 [] ./predis_watcher     :  exec = predis_logger2.sh
19.11.24 21:36:02 [] ./predis_watcher     : predis_loggerCG.php process not live.
19.11.24 21:36:02 [] ./predis_watcher     :  exec = predis_loggerCG.sh
19.11.24 21:37:02 [] ./predis_watcher     : predis_logger2.php process not live.
19.11.24 21:37:02 [] ./predis_watcher     :  exec = predis_logger2.sh
19.11.24 21:37:02 [] ./predis_watcher     : predis_loggerCG.php process not live.
19.11.24 21:37:02 [] ./predis_watcher     :  exec = predis_loggerCG.sh
19.11.24 21:38:02 [] ./predis_watcher     : predis_logger2.php process not live.
19.11.24 21:38:02 [] ./predis_watcher     :  exec = predis_logger2.sh
19.11.24 21:38:02 [] ./predis_watcher     : predis_loggerCG.php process not live.
19.11.24 21:38:02 [] ./predis_watcher     :  exec = predis_loggerCG.sh
19.11.24 21:40:02 [] ./predis_watcher     : predis_logger2.php process not live.
19.11.24 21:40:02 [] ./predis_watcher     :  exec = predis_logger2.sh
19.11.24 21:40:02 [] ./predis_watcher     : predis_loggerCG.php process not live.
19.11.24 21:40:02 [] ./predis_watcher     :  exec = predis_loggerCG.sh
19.11.24 21:41:02 [] ./predis_watcher     : predis_logger2.php process not live.
19.11.24 21:41:02 [] ./predis_watcher     :  exec = predis_logger2.sh
19.11.24 21:41:02 [] ./predis_watcher     : predis_loggerCG.php process not live.
19.11.24 21:41:02 [] ./predis_watcher     :  exec = predis_loggerCG.sh
19.11.24 21:42:02 [] ./predis_watcher     : predis_logger2.php process not live.
19.11.24 21:42:02 [] ./predis_watcher     :  exec = predis_logger2.sh
19.11.24 21:42:02 [] ./predis_watcher     : predis_loggerCG.php process not live.
19.11.24 21:42:02 [] ./predis_watcher     :  exec = predis_loggerCG.sh
19.11.24 21:43:02 [] ./predis_watcher     : predis_logger2.php process not live.
19.11.24 21:43:02 [] ./predis_watcher     :  exec = predis_logger2.sh
19.11.24 21:43:02 [] ./predis_watcher     : predis_loggerCG.php process not live.
19.11.24 21:43:02 [] ./predis_watcher     :  exec = predis_loggerCG.sh
19.11.24 21:45:02 [] ./predis_watcher     : predis_logger2.php process not live.
19.11.24 21:45:02 [] ./predis_watcher     :  exec = predis_logger2.sh
19.11.24 21:45:02 [] ./predis_watcher     : predis_loggerCG.php process not live.
19.11.24 21:45:02 [] ./predis_watcher     :  exec = predis_loggerCG.sh
19.11.24 21:46:02 [] ./predis_watcher     : predis_logger2.php process not live.
19.11.24 21:46:02 [] ./predis_watcher     :  exec = predis_logger2.sh
19.11.24 21:46:02 [] ./predis_watcher     : predis_loggerCG.php process not live.
19.11.24 21:46:02 [] ./predis_watcher     :  exec = predis_loggerCG.sh
19.11.24 21:47:02 [] ./predis_watcher     : predis_logger2.php process not live.
19.11.24 21:47:02 [] ./predis_watcher     :  exec = predis_logger2.sh
19.11.24 21:47:02 [] ./predis_watcher     : predis_loggerCG.php process not live.
19.11.24 21:47:02 [] ./predis_watcher     :  exec = predis_loggerCG.sh
19.11.24 21:48:02 [] ./predis_watcher     : predis_logger2.php process not live.
19.11.24 21:48:02 [] ./predis_watcher     :  exec = predis_logger2.sh
19.11.24 21:48:02 [] ./predis_watcher     : predis_loggerCG.php process not live.
19.11.24 21:48:02 [] ./predis_watcher     :  exec = predis_loggerCG.sh
19.11.24 21:49:02 [] ./predis_watcher     : predis_logger2.php process not live.
19.11.24 21:49:02 [] ./predis_watcher     :  exec = predis_logger2.sh
19.11.24 21:49:02 [] ./predis_watcher     : predis_loggerCG.php process not live.
19.11.24 21:49:02 [] ./predis_watcher     :  exec = predis_loggerCG.sh
19.11.24 21:50:02 [] ./predis_watcher     : predis_logger2.php process not live.
19.11.24 21:50:02 [] ./predis_watcher     :  exec = predis_logger2.sh
19.11.24 21:50:02 [] ./predis_watcher     : predis_loggerCG.php process live.
19.11.24 21:51:02 [] ./predis_watcher     : predis_logger2.php process not live.
19.11.24 21:51:02 [] ./predis_watcher     :  exec = predis_logger2.sh
19.11.24 21:51:02 [] ./predis_watcher     : predis_loggerCG.php process live.
19.11.24 21:52:02 [] ./predis_watcher     : predis_logger2.php process not live.
19.11.24 21:52:02 [] ./predis_watcher     :  exec = predis_logger2.sh
19.11.24 21:52:02 [] ./predis_watcher     : predis_loggerCG.php process live.
19.11.24 21:53:02 [] ./predis_watcher     : predis_logger2.php process not live.
19.11.24 21:53:02 [] ./predis_watcher     :  exec = predis_logger2.sh
19.11.24 21:53:02 [] ./predis_watcher     : predis_loggerCG.php process live.
19.11.24 21:54:02 [] ./predis_watcher     : predis_logger2.php process not live.
19.11.24 21:54:02 [] ./predis_watcher     :  exec = predis_logger2.sh
19.11.24 21:54:02 [] ./predis_watcher     : predis_loggerCG.php process live.
19.11.24 21:54:59 [] ./predis_watcher     : predis_logger2.php process not live.
19.11.24 21:54:59 [] ./predis_watcher     :  exec = predis_logger2.sh
19.11.24 21:54:59 [] ./predis_watcher     : predis_loggerCG.php process not live.
19.11.24 21:54:59 [] ./predis_watcher     :  exec = predis_loggerCG.sh
19.11.24 21:55:02 [] ./predis_watcher     : predis_logger2.php process not live.
19.11.24 21:55:02 [] ./predis_watcher     :  exec = predis_logger2.sh
19.11.24 21:55:02 [] ./predis_watcher     : predis_loggerCG.php process not live.
19.11.24 21:55:02 [] ./predis_watcher     :  exec = predis_loggerCG.sh
19.11.24 21:55:14 [] ./predis_watcher     : predis_logger2.php process not live.
19.11.24 21:55:14 [] ./predis_watcher     :  exec = predis_logger2.sh
19.11.24 21:55:14 [] ./predis_watcher     : predis_loggerCG.php process not live.
19.11.24 21:55:14 [] ./predis_watcher     :  exec = predis_loggerCG.sh
19.11.24 22:05:07 [0ijrstbn4jvgenfdmgo9nea6nl] /r.d/bo_main_v2      : session[CG_USR_SEQ] : 